<?xml version="1.0" encoding="UTF-8"?>
<testsuite xmlns:xsi="http://www.w3.org/2001/XMLSchema-instance" xsi:noNamespaceSchemaLocation="https://maven.apache.org/surefire/maven-surefire-plugin/xsd/surefire-test-report-3.0.xsd" version="3.0" name="org.example.DAO.PetDaoTest" time="1.231" tests="4" errors="0" skipped="0" failures="0">
  <properties>
[...]
</properties>
  <testcase name="testSaveAndGetById" classname="org.example.DAO.PetDaoTest" time="0.207">
    <system-out><![CDATA[Hibernate: 
    drop table if exists owner_pets cascade 
Hibernate: 
    drop table if exists owners cascade 
Hibernate: 
    drop table if exists pet_friends cascade 
Hibernate: 
    drop table if exists pets cascade 
Hibernate: 
    create table owner_pets (
        owner_id bigint not null,
        pet_id bigint
    )
Hibernate: 
    create table owners (
        birthday date,
        id bigint generated by default as identity,
        name varchar(255),
        primary key (id)
    )
Hibernate: 
    create table pet_friends (
        friend_id bigint,
        pet_id bigint not null
    )
Hibernate: 
    create table pets (
        id bigint generated by default as identity,
        owner_id bigint,
        breed varchar(255),
        name varchar(255),
        primary key (id)
    )
Hibernate: 
    alter table if exists owner_pets 
       add constraint FKt1ur1414adlv2qyqgcke4t3fk 
       foreign key (owner_id) 
       references owners
Hibernate: 
    alter table if exists pet_friends 
       add constraint FKjgr10w16u32u1cuvdhqt28ud9 
       foreign key (pet_id) 
       references pets
Hibernate: 
    delete 
    from
        pet_friends to_delete_
Hibernate: 
    delete 
    from
        pets p1_0
Hibernate: 
    delete 
    from
        owner_pets to_delete_
Hibernate: 
    delete 
    from
        owners o1_0
Hibernate: 
    insert 
    into
        owners
        (birthday, name, id) 
    values
        (?, ?, default)
Hibernate: 
    insert 
    into
        pets
        (breed, name, owner_id, id) 
    values
        (?, ?, ?, default)
Hibernate: 
    select
        p1_0.id,
        p1_0.breed,
        p1_0.name,
        p1_0.owner_id 
    from
        pets p1_0 
    where
        p1_0.id=?
]]></system-out>
    <system-err><![CDATA[Sep 26, 2025 4:46:27 PM org.hibernate.Version logVersion
INFO: HHH000412: Hibernate ORM core version 6.6.1.Final
Sep 26, 2025 4:46:27 PM org.hibernate.cache.internal.RegionFactoryInitiator initiateService
INFO: HHH000026: Second-level cache disabled
Sep 26, 2025 4:46:27 PM org.hibernate.engine.jdbc.connections.internal.DriverManagerConnectionProviderImpl configure
WARN: HHH10001002: Using built-in connection pool (not intended for production use)
Sep 26, 2025 4:46:27 PM org.hibernate.engine.jdbc.dialect.internal.DialectFactoryImpl constructDialect
WARN: HHH90000025: H2Dialect does not need to be specified explicitly using 'hibernate.dialect' (remove the property setting and it will be selected by default)
Sep 26, 2025 4:46:27 PM org.hibernate.engine.jdbc.env.internal.JdbcEnvironmentInitiator initiateService
INFO: HHH10001005: Database info:
	Database JDBC URL [jdbc:h2:mem:test;DB_CLOSE_DELAY=-1]
	Database driver: org.h2.Driver
	Database version: 2.2.224
	Autocommit mode: false
	Isolation level: undefined/unknown
	Minimum pool size: 1
	Maximum pool size: 20
Sep 26, 2025 4:46:28 PM org.hibernate.engine.transaction.jta.platform.internal.JtaPlatformInitiator initiateService
INFO: HHH000489: No JTA platform available (set 'hibernate.transaction.jta.platform' to enable JTA platform integration)
Sep 26, 2025 4:46:28 PM org.hibernate.resource.transaction.backend.jdbc.internal.DdlTransactionIsolatorNonJtaImpl getIsolatedConnection
INFO: HHH10001501: Connection obtained from JdbcConnectionAccess [org.hibernate.engine.jdbc.env.internal.JdbcEnvironmentInitiator$ConnectionProviderJdbcConnectionAccess@6615237] for (non-JTA) DDL execution was not in auto-commit mode; the Connection 'local transaction' will be committed and the Connection will be set into auto-commit mode.
Sep 26, 2025 4:46:28 PM org.hibernate.resource.transaction.backend.jdbc.internal.DdlTransactionIsolatorNonJtaImpl getIsolatedConnection
INFO: HHH10001501: Connection obtained from JdbcConnectionAccess [org.hibernate.engine.jdbc.env.internal.JdbcEnvironmentInitiator$ConnectionProviderJdbcConnectionAccess@374c3975] for (non-JTA) DDL execution was not in auto-commit mode; the Connection 'local transaction' will be committed and the Connection will be set into auto-commit mode.
]]></system-err>
  </testcase>
  <testcase name="testDeleteById" classname="org.example.DAO.PetDaoTest" time="0.009">
    <system-out><![CDATA[Hibernate: 
    delete 
    from
        pet_friends to_delete_
Hibernate: 
    delete 
    from
        pets p1_0
Hibernate: 
    delete 
    from
        owner_pets to_delete_
Hibernate: 
    delete 
    from
        owners o1_0
Hibernate: 
    insert 
    into
        pets
        (breed, name, owner_id, id) 
    values
        (?, ?, ?, default)
Hibernate: 
    select
        p1_0.id,
        p1_0.breed,
        p1_0.name,
        p1_0.owner_id 
    from
        pets p1_0 
    where
        p1_0.id=?
Hibernate: 
    delete 
    from
        pet_friends 
    where
        pet_id=?
Hibernate: 
    delete 
    from
        pets 
    where
        id=?
Hibernate: 
    select
        p1_0.id,
        p1_0.breed,
        p1_0.name,
        p1_0.owner_id 
    from
        pets p1_0 
    where
        p1_0.id=?
]]></system-out>
  </testcase>
  <testcase name="testGetAll" classname="org.example.DAO.PetDaoTest" time="0.015">
    <system-out><![CDATA[Hibernate: 
    delete 
    from
        pet_friends to_delete_
Hibernate: 
    delete 
    from
        pets p1_0
Hibernate: 
    delete 
    from
        owner_pets to_delete_
Hibernate: 
    delete 
    from
        owners o1_0
Hibernate: 
    delete 
    from
        pet_friends to_delete_
Hibernate: 
    delete 
    from
        pets p1_0
Hibernate: 
    insert 
    into
        pets
        (breed, name, owner_id, id) 
    values
        (?, ?, ?, default)
Hibernate: 
    insert 
    into
        pets
        (breed, name, owner_id, id) 
    values
        (?, ?, ?, default)
Hibernate: 
    select
        p1_0.id,
        p1_0.breed,
        p1_0.name,
        p1_0.owner_id 
    from
        pets p1_0
]]></system-out>
  </testcase>
  <testcase name="testUpdate" classname="org.example.DAO.PetDaoTest" time="0.012">
    <system-out><![CDATA[Hibernate: 
    delete 
    from
        pet_friends to_delete_
Hibernate: 
    delete 
    from
        pets p1_0
Hibernate: 
    delete 
    from
        owner_pets to_delete_
Hibernate: 
    delete 
    from
        owners o1_0
Hibernate: 
    insert 
    into
        pets
        (breed, name, owner_id, id) 
    values
        (?, ?, ?, default)
Hibernate: 
    select
        p1_0.id,
        p1_0.breed,
        p1_0.name,
        p1_0.owner_id 
    from
        pets p1_0 
    where
        p1_0.id=?
Hibernate: 
    select
        fi1_0.pet_id,
        fi1_0.friend_id 
    from
        pet_friends fi1_0 
    where
        fi1_0.pet_id=?
Hibernate: 
    update
        pets 
    set
        breed=?,
        name=?,
        owner_id=? 
    where
        id=?
Hibernate: 
    select
        p1_0.id,
        p1_0.breed,
        p1_0.name,
        p1_0.owner_id 
    from
        pets p1_0 
    where
        p1_0.id=?
]]></system-out>
  </testcase>
</testsuite>